>>> Warning 207 "C:\Users\macbook\Desktop\alarme_gsm\include\sim508.h" Line 924(17,18): Code has no effect
>>> Warning 215 "D:\Program Files\PICC\Drivers\usb.h" Line 306(9,30): Undefined identifier
>>> Warning 225 "alarme.c" Line 53(19,31): Duplicate #define
>>> Warning 216 "alarme.c" Line 1120(1,2): Interrupts disabled during call to prevent re-entrancy:  (@PSTRINGC_622)
>>> Warning 216 "alarme.c" Line 1120(1,2): Interrupts disabled during call to prevent re-entrancy:  (usb_token_reset)
>>> Warning 216 "alarme.c" Line 1120(1,2): Interrupts disabled during call to prevent re-entrancy:  (usb_flush_out)
>>> Warning 216 "alarme.c" Line 1120(1,2): Interrupts disabled during call to prevent re-entrancy:  (usb_tbe)
>>> Warning 216 "alarme.c" Line 1120(1,2): Interrupts disabled during call to prevent re-entrancy:  (usb_flush_in)
>>> Warning 216 "alarme.c" Line 1120(1,2): Interrupts disabled during call to prevent re-entrancy:  (@PUTCHAR_1_)
>>> Warning 202 "C:\Users\macbook\Desktop\alarme_gsm\include\sim508.h" Line 97(6,11): Variable never used:   token
>>> Warning 202 "C:\Users\macbook\Desktop\alarme_gsm\include\sim508.h" Line 99(7,17): Variable never used:   time_count
>>> Warning 202 "C:\Users\macbook\Desktop\alarme_gsm\include\sim508.h" Line 102(30,34): Variable never used:   date
>>> Warning 202 "C:\Users\macbook\Desktop\alarme_gsm\include\sim508.h" Line 568(8,11): Variable never used:   rep
>>> Warning 202 "C:\Users\macbook\Desktop\alarme_gsm\include\sim508.h" Line 878(8,10): Variable never used:   i1
>>> Warning 202 "C:\Users\macbook\Desktop\alarme_gsm\include\sim508.h" Line 999(11,13): Variable never used:   i2
>>> Warning 202 "C:\Users\macbook\Desktop\alarme_gsm\include\sim508.h" Line 1086(37,39): Variable never used:   ZL
>>> Warning 202 "C:\Users\macbook\Desktop\alarme_gsm\include\sim508.h" Line 1086(40,41): Variable never used:   i
>>> Warning 202 "C:\Users\macbook\Desktop\alarme_gsm\include\sim508.h" Line 1086(42,49): Variable never used:   z_count
>>> Warning 202 "C:\Users\macbook\Desktop\alarme_gsm\include\sim508.h" Line 1088(9,11): Variable never used:   z0
>>> Warning 202 "alarme.c" Line 46(15,17): Variable never used:   m0
>>> Warning 202 "alarme.c" Line 46(18,20): Variable never used:   k1
>>> Warning 202 "alarme.c" Line 46(21,27): Variable never used:   pass_l
>>> Warning 202 "alarme.c" Line 95(6,10): Variable never used:   site
>>> Warning 202 "alarme.c" Line 96(6,7): Variable never used:   i
>>> Warning 202 "alarme.c" Line 100(6,12): Variable never used:   sndbuf
>>> Warning 202 "alarme.c" Line 106(6,7): Variable never used:   c
>>> Warning 202 "alarme.c" Line 106(11,13): Variable never used:   s1
>>> Warning 202 "alarme.c" Line 106(17,18): Variable never used:   d
>>> Warning 202 "alarme.c" Line 106(22,23): Variable never used:   t
>>> Warning 202 "alarme.c" Line 107(6,11): Variable never used:   n_tel
>>> Warning 202 "alarme.c" Line 107(23,24): Variable never used:   m
      Memory usage:   ROM=60%      RAM=54% - 57%
      0 Errors,  31 Warnings.
Build Successful.
