
ROM used:   19672/16384 (60%)
            19672/16384 (60%) including unused fragments

            2.3 Average locations per line
            10.7 Average locations per statement

RAM used:   1100/2048 (54%) at main() level
            1165/2048 (57%) worst case

Stack used: 15 worst case (6 in main + 9 for interrupts)
Stack size: 31

Lines Stmts  %   Files
----- ----- ---  -----
 1121   503  27  alarme.c
  759     0   0  D:\Program Files\PICC\Devices\18F2550.h
  184    96   5  include\alarme0.h
 1178   534  29  include\sim508.h
  423   125   7  D:\Program Files\PICC\Drivers\string.h
   32     0   0  D:\Program Files\PICC\Drivers\stddef.h
   28     0   0  D:\Program Files\PICC\Drivers\ctype.h
  269    51   3  D:\Program Files\PICC\Drivers\input.c
  228     0   0  D:\Program Files\PICC\Drivers\pic18_usb.h
  328     0   0  D:\Program Files\PICC\Drivers\usb_hw_layer.h
  163     0   0  include\EMNT_USB.h
 1103     0   0  D:\Program Files\PICC\Drivers\usb.h
 1177   219  12  D:\Program Files\PICC\Drivers\usb.c
 1403   317  17  D:\Program Files\PICC\Drivers\pic18_usb.c
----- -----
 8396  1845 Total

Page ROM  %  RAM   Vol Diff  Functions:
---- --- --- ---   --- ----  ----------
0     42   0    1             @delay_ms1
0     82   0    1             @PUTCHAR_1_
0    128   0    3   493  5.4  write_alarm_outputs
0     44   0    0   150  2.5  read_alarm_input
0     74   0    1   270  1.9  ARM_action
0    126   0    1   508  1.9  D_ARM_action
0    150   0    7   343  8.6  strncmp
0     50   0    2             @PSTRINGR_622
0     94   0    1             @GETCH_2_
0      8   0    0             @PUTCHARI_BIU_3
0     84   0    1             @PUTCHAR_4_
0     94   0    1             @GETCH_4_
0    108   0    8   260  4.8  SIM_WaitResponse
0    126   0    1   257  1.7  SIM_SendONOFF
0    282   1    3   919  4.6  SIM_PowerOn
0      6   0    0             @const873
0     34   0    2             @PSTRINGC_9600_31766_31767
0     14   0    0             @const875
0     32   0    2             @PSTRINGC_622
0      8   0    0             @const877
0     14   0    0             @const878
0     16   0    0             @const879
0     12   0    0             @const880
0     12   0    0             @const881
0     14   0    0             @const882
0      8   0    0             @const883
0     12   0    0             @const884
0    102   0    7   234  5.7  read_tel_n
0     72   0    2   197  4.9  wait_
0     14   0    0             @const910
0     42   0    3             @PSTRINGCN_9600_31766_31767
0     44   0    3             @DIV88
0    192   0    6             @PRINTF_D_9600_31766_31767
0     18   0    0             @const919
0      6   0    0             @const920
0     38   0    2             @PSTRINGR_9600_31766_31767
0      8   0    0             @const926
0     12   0    0             @const929
0     16   0    0             @const930
0      6   0    0             @const931
0      6   0    0             @const932
0    516   1   14   860  7.2  bip
0     10   0    0             @const937
0      8   0    0             @const938
0     18   0    0             @const939
0     54   0    3             @PSTRINGCN_622
0     14   0    0             @const942
0     26   0    0             @const943
0    450   1    9  1765 10.3  get_gps_speed
0     12   0    0             @const950
0     12   0    0             @const956
0     10   0    0             @const957
0     16   0    0             @const962
0     16   0    0             @const964
0     10   0    0             @const965
0    258   1   15   607  6.7  SIM2EEPROM
0     14   0    0             @const970
0    188   0   10   488  7.3  get_ring_n
0    342   1   13  1116  8.9  get_sms_n
0     12   0    0             @const983
0     12   0    0             @const984
0    100   0    6   248  5.9  get_pass_word
0    188   0    5   342  6.1  save_pass_word
0    126   0    5   330  6.0  pass_word_ok
0     84   0    7   168  4.4  read_sold_msg
0    360   1    5   631  8.1  get_sold_val
0     34   0    5             @MUL1616
0     20   0    0             @const1006
0    260   1    9             @PRINTF_LD_622
0    100   0    6   380  8.4  speed_cal
0    164   0   25   419  5.1  gps_dact
0     46   0    0             @const1019
0     36   0    2             @PSTRINGR_774
0     70   0    2             @PRINTF_X_774
0    158   0   25   311  5.1  gps_act
0     46   0    0             @const1030
0    116   0    3   295  3.7  init_GPS0
0   1510   4   29  6259 12.4  get_gps_pos0
0     12   0    0             @const1047
0     34   0    0             @const1049
0     70   0    5             @DIV1616
0     32   0    0             @const1151
0     66   0    0             @const1157
0     48   0    0             @const1163
0     18   0    0             @const1166
0     34   0    0             @const1169
0     20   0    0             @const1172
0     70   0    0             @const1175
0     60   0    4   139  4.3  usb_kbhit
0     68   0    4   139  4.3  usb_tbe
0     40   0    1   145  3.2  usb_detach
0     38   0    0   136  2.2  usb_attach
0      6   0    0    16  1.0  usb_init_cs
0     52   0    1   380  5.2  usb_task
0     24   0    0    61  2.5  usb_init
0    222   1    9  1092  5.4  usb_flush_in
0    168   0   10   344  6.1  usb_put_packet
0    206   1    9   914  5.0  usb_flush_out
0    198   1   12   652  5.9  usb_get_packet_buffer
0     74   0    5   154  3.9  usb_get_packet
0     74   0    6   258  4.6  usb_stall_ep
0     72   0    6   266  4.6  usb_unstall_ep
0     90   0    5   373  6.0  usb_endpoint_stalled
0     32   0    1    94  2.7  usb_set_address
0    476   1   12  1774 10.4  usb_set_configured
0     84   0    5   199  3.2  usb_disable_endpoint
0     30   0    1    99  3.0  usb_disable_endpoints
0      4   0    0    61  4.0  usb_clear_trn
0    166   0    2   662  6.8  usb_isr
0      6   0    0    43  2.0  usb_isr_sof
0     46   0    0   357  4.2  usb_isr_rst
0     32   0    0   508  4.0  usb_init_ep0_setup
0      8   0    0    74  2.8  usb_isr_uerr
0     10   0    0    82  2.8  usb_isr_uidle
0     16   0    0   102  3.3  usb_isr_activity
0     14   0    0   151  3.9  usb_isr_stall
0      6   0    1    30  1.7  usb_request_send_response
0      8   0    0    22  1.2  usb_request_stall
0    270   1    2  3177  9.3  usb_isr_tok_dne
0     12   0    0    29  1.9  usb_enumerated
0     48   0    3   255  4.0  usb_token_reset
0     98   0    3   274  5.9  usb_endpoint_is_valid
0     40   0    1   158  3.1  usb_isr_tok_in_dne
0     10   0    1    53  1.9  usb_isr_tok_out_dne
0     44   0    0   293  5.9  usb_isr_tok_setup_dne
0    194   0    0  1454  8.3  usb_isr_tkn_setup_StandardDevice
0    174   0    3   939  7.7  usb_isr_tkn_setup_StandardInterface
0    106   0    0   753  5.8  usb_isr_tkn_setup_StandardEndpoint
0    180   0    1   790  7.7  usb_Get_Descriptor
0     18   0    0    76  1.8  usb_finish_set_address
0    210   1    4   593  8.4  usb_copy_desc_seg_to_ep
0    536   1    2  2603  7.7  RDA_isr
0      8   0    0             @const1406
0    806   2    1  1449  5.5  sms
0     30   0    0             @const1408
0     16   0    0             @const1409
0     16   0    0             @const1411
0     60   0    0             @const1413
0     12   0    0             @const1414
0     66   0    0             @const1415
0     58   0    0             @const1416
0     12   0    0             @const1417
0     66   0    0             @const1418
0     56   0    0             @const1419
0     12   0    0             @const1420
0     66   0    0             @const1421
0     64   0    0             @const1422
0     12   0    0             @const1423
0     66   0    0             @const1424
0     76   0    0             @const1425
0     42   0    0             @const1426
0     12   0    0             @const1427
0     66   0    0             @const1428
0    260   1    2   423  4.5  tx
0     16   0    0             @const1431
0     28   0    0             @const1432
0   4510  11    6 17391 11.9  MAIN
0     18   0    0             @const1438
0      8   0    0             @const1439
0     86   0    0             @goto13572
0      8   0    0             @const1442
0      8   0    0             @const1443
0     10   0    0             @const1444
0    252   1    6             @PRINTF_D_622
0     18   0    0             @const1448
0     12   0    0             @const1449
0     10   0    0             @const1450
0     10   0    0             @const1453
0     10   0    0             @const1454
0     12   0    0             @const1455
0     10   0    0             @const1456
0     16   0    0             @const1458
0     14   0    0             @const1459
0     18   0    0             @const1460
0     46   0    0             @const1461
0     12   0    0             @const1462
0     46   0    0             @const1463
0     24   0    0             @const1464
0     20   0    0             @const1465
0     16   0    0             @const1466
0     14   0    0             @const1467
0     10   0    0             @const1468
0     12   0    0             @const1469
0      6   0    0             @const1470
0     12   0    0             @const1471
 Inline         0             @cinit1

Program metrics:
    Functions               72
    Statements              1845
    Comments                2852
    Volume (V)              99652
    Difficulty (D)          365.6
    Effort to implement (E) 36436323
    Time to implement (T)   562 hours, 17 minutes
    Est Delivered Bugs (B)  37
    Cyclomatic Complexity   291
    Maintainability (MI)    64

 Segment     Used  Free
-----------  ----  ----
00000-00002     4  0  
00004-00006     4  0  
00008-000A0   154  0  
000A2-07FFE  19510  13096  



